Removed Pin From Net: NetName=MIPI_CSI_CLK0_DN Pin=J3-6
Removed Pin From Net: NetName=MIPI_CSI_CLK0_DP Pin=J3-7
Removed Pin From Net: NetName=MIPI_CSI_D1_N Pin=J3-12
Removed Pin From Net: NetName=MIPI_CSI_D1_P Pin=J3-13
Removed Pin From Net: NetName=MIPI_CSI_I2C_SDA Pin=J3-15
Removed Pin From Net: NetName=MIPI_CSI_I2C_SCL Pin=J3-16
Removed Pin From Net: NetName=MIPI_CSI_CLK1_DN Pin=J3-18
Removed Pin From Net: NetName=MIPI_CSI_CLK1_DP Pin=J3-19
Removed Pin From Net: NetName=MIPI_CSI_D3_N Pin=J3-24
Removed Pin From Net: NetName=MIPI_CSI_D3_P Pin=J3-25
Removed Pin From Net: NetName=DVP_D0 Pin=J3-27
Removed Pin From Net: NetName=DVP_D1 Pin=J3-28
Removed Pin From Net: NetName=GND Pin=J3-33
Removed Pin From Net: NetName=GND Pin=J3-34
Added Pin To Net: NetName=MIPI_CSI_I2C_SDA Pin=J3-6
Added Pin To Net: NetName=MIPI_CSI_I2C_SCL Pin=J3-7
Added Pin To Net: NetName=MIPI_CSI_CLK0_DN Pin=J3-12
Added Pin To Net: NetName=MIPI_CSI_CLK0_DP Pin=J3-13
Added Pin To Net: NetName=MIPI_CSI_D1_N Pin=J3-15
Added Pin To Net: NetName=MIPI_CSI_D1_P Pin=J3-16
Added Pin To Net: NetName=DVP_D0 Pin=J3-18
Added Pin To Net: NetName=DVP_D1 Pin=J3-19
Added Pin To Net: NetName=MIPI_CSI_CLK1_DN Pin=J3-24
Added Pin To Net: NetName=MIPI_CSI_CLK1_DP Pin=J3-25
Added Pin To Net: NetName=MIPI_CSI_D3_N Pin=J3-27
Added Pin To Net: NetName=MIPI_CSI_D3_P Pin=J3-28
