Change Component DesignItemId : Designator=J3 Old DesignItemId=05005HS-34 New DesignItemId=05003HR-H34E
Change Component Footprint: Designator=J3 Old Footprint=12505WR-8P New Footprint=05003HR-H34E
Change Component Comment : Designator=J3 Old Comment=05005HS-34 New Comment=05003HR-H34E
Added Pin To Net: NetName=GND Pin=J3-11
Added Pin To Net: NetName=MIPI_CSI_D1_N Pin=J3-12
Added Pin To Net: NetName=MIPI_CSI_D1_P Pin=J3-13
Added Pin To Net: NetName=GND Pin=J3-14
Added Pin To Net: NetName=MIPI_CSI_I2C_SDA Pin=J3-15
Added Pin To Net: NetName=MIPI_CSI_I2C_SCL Pin=J3-16
Added Pin To Net: NetName=GND Pin=J3-17
Added Pin To Net: NetName=MIPI_CSI_CLK1_DN Pin=J3-18
Added Pin To Net: NetName=MIPI_CSI_CLK1_DP Pin=J3-19
Added Pin To Net: NetName=GND Pin=J3-20
Added Pin To Net: NetName=MIPI_CSI_D2_N Pin=J3-21
Added Pin To Net: NetName=MIPI_CSI_D2_P Pin=J3-22
Added Pin To Net: NetName=GND Pin=J3-23
Added Pin To Net: NetName=MIPI_CSI_D3_N Pin=J3-24
Added Pin To Net: NetName=MIPI_CSI_D3_P Pin=J3-25
Added Pin To Net: NetName=GND Pin=J3-26
Added Pin To Net: NetName=DVP_D0 Pin=J3-27
Added Pin To Net: NetName=DVP_D1 Pin=J3-28
Added Pin To Net: NetName=GND Pin=J3-29
Added Pin To Net: NetName=1V8_IO118 Pin=J3-30
Added Pin To Net: NetName=1V8_IO119 Pin=J3-31
Added Pin To Net: NetName=GND Pin=J3-32
Added Pin To Net: NetName=GND Pin=J3-33
Added Pin To Net: NetName=GND Pin=J3-34
Added Pin To Net: NetName=GND Pin=J3-M1
Added Pin To Net: NetName=GND Pin=J3-M2
